app/build/intermediates/manifest_merge_blame_file/debug/processDebugMainManifest/manifest-merger-blame-debug-report.txt
1<?xml version="1.0" encoding="utf-8"?>
2<manifest xmlns:android="http://schemas.android.com/apk/res/android"
3    package="com.yourapp"
4    android:versionCode="1"
5    android:versionName="1.0" >
6
7    <uses-sdk
8        android:minSdkVersion="23"
9        android:targetSdkVersion="34" />
10
11    <uses-permission android:name="android.permission.INTERNET" />
11-->src\main\AndroidManifest.xml:5:5-67
11-->src\main\AndroidManifest.xml:5:22-64
12    <uses-permission android:name="android.permission.ACCESS_NETWORK_STATE" />
12-->src\main\AndroidManifest.xml:6:5-79
12-->src\main\AndroidManifest.xml:6:22-76
13    <uses-permission android:name="android.permission.VIBRATE" />
13-->src\main\AndroidManifest.xml:7:5-66
13-->src\main\AndroidManifest.xml:7:22-63
14    <uses-permission android:name="android.permission.POST_NOTIFICATIONS" />
14-->src\main\AndroidManifest.xml:8:5-76
14-->src\main\AndroidManifest.xml:8:22-74
15    <uses-permission android:name="android.permission.CAMERA" /> <!-- Don't require camera, as this requires a rear camera. This allows it to work on the Nexus 7 -->
15-->[com.journeyapps:zxing-android-embedded:4.3.0] AndroidManifest.xml:22:5-65
15-->[com.journeyapps:zxing-android-embedded:4.3.0] AndroidManifest.xml:22:22-62
16    <uses-feature
16-->[com.journeyapps:zxing-android-embedded:4.3.0] AndroidManifest.xml:25:5-27:36
17        android:name="android.hardware.camera"
17-->[com.journeyapps:zxing-android-embedded:4.3.0] AndroidManifest.xml:26:9-47
18        android:required="false" />
18-->[com.journeyapps:zxing-android-embedded:4.3.0] AndroidManifest.xml:27:9-33
19    <uses-feature
19-->[com.journeyapps:zxing-android-embedded:4.3.0] AndroidManifest.xml:28:5-30:36
20        android:name="android.hardware.camera.front"
20-->[com.journeyapps:zxing-android-embedded:4.3.0] AndroidManifest.xml:29:9-53
21        android:required="false" /> <!-- TODO replace above two with next line after Android 4.2 -->
21-->[com.journeyapps:zxing-android-embedded:4.3.0] AndroidManifest.xml:30:9-33
22    <!-- <uses-feature android:name="android.hardware.camera.any"/> -->
23    <uses-feature
23-->[com.journeyapps:zxing-android-embedded:4.3.0] AndroidManifest.xml:33:5-35:36
24        android:name="android.hardware.camera.autofocus"
24-->[com.journeyapps:zxing-android-embedded:4.3.0] AndroidManifest.xml:34:9-57
25        android:required="false" />
25-->[com.journeyapps:zxing-android-embedded:4.3.0] AndroidManifest.xml:35:9-33
26    <uses-feature
26-->[com.journeyapps:zxing-android-embedded:4.3.0] AndroidManifest.xml:36:5-38:36
27        android:name="android.hardware.camera.flash"
27-->[com.journeyapps:zxing-android-embedded:4.3.0] AndroidManifest.xml:37:9-53
28        android:required="false" />
28-->[com.journeyapps:zxing-android-embedded:4.3.0] AndroidManifest.xml:38:9-33
29    <uses-feature
29-->[com.journeyapps:zxing-android-embedded:4.3.0] AndroidManifest.xml:39:5-41:36
30        android:name="android.hardware.screen.landscape"
30-->[com.journeyapps:zxing-android-embedded:4.3.0] AndroidManifest.xml:40:9-57
31        android:required="false" />
31-->[com.journeyapps:zxing-android-embedded:4.3.0] AndroidManifest.xml:41:9-33
32    <uses-feature
32-->[com.journeyapps:zxing-android-embedded:4.3.0] AndroidManifest.xml:42:5-44:36
33        android:name="android.hardware.wifi"
33-->[com.journeyapps:zxing-android-embedded:4.3.0] AndroidManifest.xml:43:9-45
34        android:required="false" />
34-->[com.journeyapps:zxing-android-embedded:4.3.0] AndroidManifest.xml:44:9-33
35
36    <uses-permission android:name="android.permission.WAKE_LOCK" />
36-->[androidx.work:work-runtime:2.9.1] AndroidManifest.xml:23:5-68
36-->[androidx.work:work-runtime:2.9.1] AndroidManifest.xml:23:22-65
37    <uses-permission android:name="android.permission.RECEIVE_BOOT_COMPLETED" />
37-->[androidx.work:work-runtime:2.9.1] AndroidManifest.xml:25:5-81
37-->[androidx.work:work-runtime:2.9.1] AndroidManifest.xml:25:22-78
38    <uses-permission android:name="android.permission.FOREGROUND_SERVICE" /> <!-- Required by older versions of Google Play services to create IID tokens -->
38-->[androidx.work:work-runtime:2.9.1] AndroidManifest.xml:26:5-77
38-->[androidx.work:work-runtime:2.9.1] AndroidManifest.xml:26:22-74
39    <uses-permission android:name="com.google.android.c2dm.permission.RECEIVE" />
39-->[com.google.firebase:firebase-messaging:24.0.3] AndroidManifest.xml:26:5-82
39-->[com.google.firebase:firebase-messaging:24.0.3] AndroidManifest.xml:26:22-79
40
41    <permission
41-->[androidx.core:core:1.13.0] AndroidManifest.xml:22:5-24:47
42        android:name="com.yourapp.DYNAMIC_RECEIVER_NOT_EXPORTED_PERMISSION"
42-->[androidx.core:core:1.13.0] AndroidManifest.xml:23:9-81
43        android:protectionLevel="signature" />
43-->[androidx.core:core:1.13.0] AndroidManifest.xml:24:9-44
44
45    <uses-permission android:name="com.yourapp.DYNAMIC_RECEIVER_NOT_EXPORTED_PERMISSION" />
45-->[androidx.core:core:1.13.0] AndroidManifest.xml:26:5-97
45-->[androidx.core:core:1.13.0] AndroidManifest.xml:26:22-94
46
47    <application
47-->src\main\AndroidManifest.xml:12:5-128:19
48        android:allowBackup="true"
48-->src\main\AndroidManifest.xml:13:9-35
49        android:appComponentFactory="androidx.core.app.CoreComponentFactory"
49-->[androidx.core:core:1.13.0] AndroidManifest.xml:28:18-86
50        android:debuggable="true"
51        android:extractNativeLibs="false"
52        android:icon="@mipmap/ic_launcher"
52-->src\main\AndroidManifest.xml:14:9-43
53        android:label="@string/app_name"
53-->src\main\AndroidManifest.xml:15:9-41
54        android:supportsRtl="true"
54-->src\main\AndroidManifest.xml:16:9-35
55        android:testOnly="true"
56        android:theme="@style/Theme.YourApp"
56-->src\main\AndroidManifest.xml:17:9-45
57        android:usesCleartextTraffic="true" >
57-->src\main\AndroidManifest.xml:18:9-44
58        <service
58-->src\main\AndroidManifest.xml:23:9-29:19
59            android:name="com.yourapp.MyFirebaseMessagingService"
59-->src\main\AndroidManifest.xml:24:13-55
60            android:exported="false" >
60-->src\main\AndroidManifest.xml:25:13-37
61            <intent-filter>
61-->src\main\AndroidManifest.xml:26:13-28:29
62                <action android:name="com.google.firebase.MESSAGING_EVENT" />
62-->src\main\AndroidManifest.xml:27:17-77
62-->src\main\AndroidManifest.xml:27:25-75
63            </intent-filter>
64        </service>
65
66        <!-- LoginActivity (no launcher intent, no need exported) -->
67        <activity android:name="com.yourapp.LoginActivity" />
67-->src\main\AndroidManifest.xml:32:9-51
67-->src\main\AndroidManifest.xml:32:19-48
68
69        <!-- IntakeActivity -->
70        <activity android:name="com.yourapp.IntakeActivity" />
70-->src\main\AndroidManifest.xml:35:9-52
70-->src\main\AndroidManifest.xml:35:19-49
71
72        <!-- Splash screen MainActivity (the ONLY launcher) -->
73        <activity
73-->src\main\AndroidManifest.xml:38:9-45:20
74            android:name="com.yourapp.MainActivity"
74-->src\main\AndroidManifest.xml:39:13-41
75            android:exported="true" > <!-- ✅ required -->
75-->src\main\AndroidManifest.xml:40:13-36
76            <intent-filter>
76-->src\main\AndroidManifest.xml:41:13-44:29
77                <action android:name="android.intent.action.MAIN" />
77-->src\main\AndroidManifest.xml:42:17-68
77-->src\main\AndroidManifest.xml:42:25-66
78
79                <category android:name="android.intent.category.LAUNCHER" />
79-->src\main\AndroidManifest.xml:43:17-76
79-->src\main\AndroidManifest.xml:43:27-74
80            </intent-filter>
81        </activity>
82        <!-- DashboardActivity -->
83        <activity
83-->src\main\AndroidManifest.xml:47:9-49:39
84            android:name="com.yourapp.DashboardActivity"
84-->src\main\AndroidManifest.xml:48:13-46
85            android:exported="true" />
85-->src\main\AndroidManifest.xml:49:13-36
86
87        <!-- ScanOutActivity (to be implemented) -->
88        <activity
88-->src\main\AndroidManifest.xml:52:9-54:39
89            android:name="com.yourapp.ScanOutActivity"
89-->src\main\AndroidManifest.xml:53:13-44
90            android:exported="true" />
90-->src\main\AndroidManifest.xml:54:13-36
91        <activity
91-->src\main\AndroidManifest.xml:56:9-58:39
92            android:name="com.yourapp.FloorDashboardActivity"
92-->src\main\AndroidManifest.xml:57:13-51
93            android:exported="true" />
93-->src\main\AndroidManifest.xml:58:13-36
94        <activity
94-->src\main\AndroidManifest.xml:59:9-61:39
95            android:name="com.yourapp.MainDashboardActivity"
95-->src\main\AndroidManifest.xml:60:13-50
96            android:exported="true" />
96-->src\main\AndroidManifest.xml:61:13-36
97        <activity
97-->src\main\AndroidManifest.xml:62:9-64:39
98            android:name="com.yourapp.ScanOutReworkActivity"
98-->src\main\AndroidManifest.xml:63:13-50
99            android:exported="true" />
99-->src\main\AndroidManifest.xml:64:13-36
100        <activity
100-->src\main\AndroidManifest.xml:66:9-68:39
101            android:name="com.yourapp.ScanOutWipActivity"
101-->src\main\AndroidManifest.xml:67:13-47
102            android:exported="true" />
102-->src\main\AndroidManifest.xml:68:13-36
103        <activity
103-->src\main\AndroidManifest.xml:70:9-72:39
104            android:name="com.yourapp.ScanToBoxActivity"
104-->src\main\AndroidManifest.xml:71:13-46
105            android:exported="true" />
105-->src\main\AndroidManifest.xml:72:13-36
106        <activity
106-->src\main\AndroidManifest.xml:74:9-76:39
107            android:name="com.yourapp.ScanToWipActivity"
107-->src\main\AndroidManifest.xml:75:13-46
108            android:exported="true" />
108-->src\main\AndroidManifest.xml:76:13-36
109        <activity
109-->src\main\AndroidManifest.xml:79:9-81:39
110            android:name="com.yourapp.ScanBackColdroomActivity"
110-->src\main\AndroidManifest.xml:80:13-53
111            android:exported="true" />
111-->src\main\AndroidManifest.xml:81:13-36
112        <activity
112-->src\main\AndroidManifest.xml:83:9-85:39
113            android:name="com.yourapp.NewIntakeActivity"
113-->src\main\AndroidManifest.xml:84:13-46
114            android:exported="true" />
114-->src\main\AndroidManifest.xml:85:13-36
115        <activity
115-->src\main\AndroidManifest.xml:86:9-88:39
116            android:name="com.yourapp.RejectionActivity"
116-->src\main\AndroidManifest.xml:87:13-46
117            android:exported="true" />
117-->src\main\AndroidManifest.xml:88:13-36
118        <activity
118-->src\main\AndroidManifest.xml:90:9-92:39
119            android:name="com.yourapp.WipScanActivity"
119-->src\main\AndroidManifest.xml:91:13-44
120            android:exported="true" />
120-->src\main\AndroidManifest.xml:92:13-36
121        <activity
121-->src\main\AndroidManifest.xml:94:9-96:39
122            android:name="com.yourapp.RejectActivity"
122-->src\main\AndroidManifest.xml:95:13-43
123            android:exported="true" />
123-->src\main\AndroidManifest.xml:96:13-36
124        <activity
124-->src\main\AndroidManifest.xml:97:9-99:39
125            android:name="com.yourapp.QualityAnalysisActivity"
125-->src\main\AndroidManifest.xml:98:13-52
126            android:exported="true" />
126-->src\main\AndroidManifest.xml:99:13-36
127        <activity
127-->src\main\AndroidManifest.xml:101:9-102:38
128            android:name="com.yourapp.WrongScanActivity"
128-->src\main\AndroidManifest.xml:101:19-52
129            android:exported="true" />
129-->src\main\AndroidManifest.xml:102:13-36
130        <activity
130-->src\main\AndroidManifest.xml:104:9-105:38
131            android:name="com.yourapp.PriorityActivity"
131-->src\main\AndroidManifest.xml:104:19-51
132            android:exported="true" />
132-->src\main\AndroidManifest.xml:105:13-36
133        <activity
133-->src\main\AndroidManifest.xml:107:9-108:38
134            android:name="com.yourapp.ScanToQuarantineActivity"
134-->src\main\AndroidManifest.xml:107:19-59
135            android:exported="true" />
135-->src\main\AndroidManifest.xml:108:13-36
136        <activity
136-->src\main\AndroidManifest.xml:110:9-111:38
137            android:name="com.yourapp.ScanFromQuarantineActivity"
137-->src\main\AndroidManifest.xml:110:19-61
138            android:exported="true" />
138-->src\main\AndroidManifest.xml:111:13-36
139        <activity
139-->src\main\AndroidManifest.xml:113:9-114:38
140            android:name="com.yourapp.ScanActivity"
140-->src\main\AndroidManifest.xml:113:19-47
141            android:exported="true" />
141-->src\main\AndroidManifest.xml:114:13-36
142        <activity
142-->src\main\AndroidManifest.xml:116:9-117:38
143            android:name="com.yourapp.PriorityConfirmationActivity"
143-->src\main\AndroidManifest.xml:116:19-63
144            android:exported="true" />
144-->src\main\AndroidManifest.xml:117:13-36
145        <activity
145-->src\main\AndroidManifest.xml:119:9-120:38
146            android:name="com.yourapp.RejectionHistoryActivity"
146-->src\main\AndroidManifest.xml:119:19-59
147            android:exported="true" />
147-->src\main\AndroidManifest.xml:120:13-36
148        <activity
148-->src\main\AndroidManifest.xml:122:9-123:38
149            android:name="com.yourapp.RejectionReportsActivity"
149-->src\main\AndroidManifest.xml:122:19-59
150            android:exported="true" />
150-->src\main\AndroidManifest.xml:123:13-36
151        <activity
151-->[com.journeyapps:zxing-android-embedded:4.3.0] AndroidManifest.xml:47:9-53:63
152            android:name="com.journeyapps.barcodescanner.CaptureActivity"
152-->[com.journeyapps:zxing-android-embedded:4.3.0] AndroidManifest.xml:48:13-74
153            android:clearTaskOnLaunch="true"
153-->[com.journeyapps:zxing-android-embedded:4.3.0] AndroidManifest.xml:49:13-45
154            android:screenOrientation="sensorLandscape"
154-->[com.journeyapps:zxing-android-embedded:4.3.0] AndroidManifest.xml:50:13-56
155            android:stateNotNeeded="true"
155-->[com.journeyapps:zxing-android-embedded:4.3.0] AndroidManifest.xml:51:13-42
156            android:theme="@style/zxing_CaptureTheme"
156-->[com.journeyapps:zxing-android-embedded:4.3.0] AndroidManifest.xml:52:13-54
157            android:windowSoftInputMode="stateAlwaysHidden" />
157-->[com.journeyapps:zxing-android-embedded:4.3.0] AndroidManifest.xml:53:13-60
158
159        <provider
159-->[androidx.work:work-runtime:2.9.1] AndroidManifest.xml:29:9-37:20
160            android:name="androidx.startup.InitializationProvider"
160-->[androidx.work:work-runtime:2.9.1] AndroidManifest.xml:30:13-67
161            android:authorities="com.yourapp.androidx-startup"
161-->[androidx.work:work-runtime:2.9.1] AndroidManifest.xml:31:13-68
162            android:exported="false" >
162-->[androidx.work:work-runtime:2.9.1] AndroidManifest.xml:32:13-37
163            <meta-data
163-->[androidx.work:work-runtime:2.9.1] AndroidManifest.xml:34:13-36:52
164                android:name="androidx.work.WorkManagerInitializer"
164-->[androidx.work:work-runtime:2.9.1] AndroidManifest.xml:35:17-68
165                android:value="androidx.startup" />
165-->[androidx.work:work-runtime:2.9.1] AndroidManifest.xml:36:17-49
166            <meta-data
166-->[androidx.emoji2:emoji2:1.3.0] AndroidManifest.xml:29:13-31:52
167                android:name="androidx.emoji2.text.EmojiCompatInitializer"
167-->[androidx.emoji2:emoji2:1.3.0] AndroidManifest.xml:30:17-75
168                android:value="androidx.startup" />
168-->[androidx.emoji2:emoji2:1.3.0] AndroidManifest.xml:31:17-49
169            <meta-data
169-->[androidx.lifecycle:lifecycle-process:2.6.2] AndroidManifest.xml:29:13-31:52
170                android:name="androidx.lifecycle.ProcessLifecycleInitializer"
170-->[androidx.lifecycle:lifecycle-process:2.6.2] AndroidManifest.xml:30:17-78
171                android:value="androidx.startup" />
171-->[androidx.lifecycle:lifecycle-process:2.6.2] AndroidManifest.xml:31:17-49
172            <meta-data
172-->[androidx.profileinstaller:profileinstaller:1.3.1] AndroidManifest.xml:29:13-31:52
173                android:name="androidx.profileinstaller.ProfileInstallerInitializer"
173-->[androidx.profileinstaller:profileinstaller:1.3.1] AndroidManifest.xml:30:17-85
174                android:value="androidx.startup" />
174-->[androidx.profileinstaller:profileinstaller:1.3.1] AndroidManifest.xml:31:17-49
175        </provider>
176
177        <service
177-->[androidx.work:work-runtime:2.9.1] AndroidManifest.xml:39:9-45:35
178            android:name="androidx.work.impl.background.systemalarm.SystemAlarmService"
178-->[androidx.work:work-runtime:2.9.1] AndroidManifest.xml:40:13-88
179            android:directBootAware="false"
179-->[androidx.work:work-runtime:2.9.1] AndroidManifest.xml:41:13-44
180            android:enabled="@bool/enable_system_alarm_service_default"
180-->[androidx.work:work-runtime:2.9.1] AndroidManifest.xml:42:13-72
181            android:exported="false" />
181-->[androidx.work:work-runtime:2.9.1] AndroidManifest.xml:43:13-37
182        <service
182-->[androidx.work:work-runtime:2.9.1] AndroidManifest.xml:46:9-52:35
183            android:name="androidx.work.impl.background.systemjob.SystemJobService"
183-->[androidx.work:work-runtime:2.9.1] AndroidManifest.xml:47:13-84
184            android:directBootAware="false"
184-->[androidx.work:work-runtime:2.9.1] AndroidManifest.xml:48:13-44
185            android:enabled="@bool/enable_system_job_service_default"
185-->[androidx.work:work-runtime:2.9.1] AndroidManifest.xml:49:13-70
186            android:exported="true"
186-->[androidx.work:work-runtime:2.9.1] AndroidManifest.xml:50:13-36
187            android:permission="android.permission.BIND_JOB_SERVICE" />
187-->[androidx.work:work-runtime:2.9.1] AndroidManifest.xml:51:13-69
188        <service
188-->[androidx.work:work-runtime:2.9.1] AndroidManifest.xml:53:9-59:35
189            android:name="androidx.work.impl.foreground.SystemForegroundService"
189-->[androidx.work:work-runtime:2.9.1] AndroidManifest.xml:54:13-81
190            android:directBootAware="false"
190-->[androidx.work:work-runtime:2.9.1] AndroidManifest.xml:55:13-44
191            android:enabled="@bool/enable_system_foreground_service_default"
191-->[androidx.work:work-runtime:2.9.1] AndroidManifest.xml:56:13-77
192            android:exported="false" />
192-->[androidx.work:work-runtime:2.9.1] AndroidManifest.xml:57:13-37
193
194        <receiver
194-->[androidx.work:work-runtime:2.9.1] AndroidManifest.xml:61:9-66:35
195            android:name="androidx.work.impl.utils.ForceStopRunnable$BroadcastReceiver"
195-->[androidx.work:work-runtime:2.9.1] AndroidManifest.xml:62:13-88
196            android:directBootAware="false"
196-->[androidx.work:work-runtime:2.9.1] AndroidManifest.xml:63:13-44
197            android:enabled="true"
197-->[androidx.work:work-runtime:2.9.1] AndroidManifest.xml:64:13-35
198            android:exported="false" />
198-->[androidx.work:work-runtime:2.9.1] AndroidManifest.xml:65:13-37
199        <receiver
199-->[androidx.work:work-runtime:2.9.1] AndroidManifest.xml:67:9-77:20
200            android:name="androidx.work.impl.background.systemalarm.ConstraintProxy$BatteryChargingProxy"
200-->[androidx.work:work-runtime:2.9.1] AndroidManifest.xml:68:13-106
201            android:directBootAware="false"
201-->[androidx.work:work-runtime:2.9.1] AndroidManifest.xml:69:13-44
202            android:enabled="false"
202-->[androidx.work:work-runtime:2.9.1] AndroidManifest.xml:70:13-36
203            android:exported="false" >
203-->[androidx.work:work-runtime:2.9.1] AndroidManifest.xml:71:13-37
204            <intent-filter>
204-->[androidx.work:work-runtime:2.9.1] AndroidManifest.xml:73:13-76:29
205                <action android:name="android.intent.action.ACTION_POWER_CONNECTED" />
205-->[androidx.work:work-runtime:2.9.1] AndroidManifest.xml:74:17-87
205-->[androidx.work:work-runtime:2.9.1] AndroidManifest.xml:74:25-84
206                <action android:name="android.intent.action.ACTION_POWER_DISCONNECTED" />
206-->[androidx.work:work-runtime:2.9.1] AndroidManifest.xml:75:17-90
206-->[androidx.work:work-runtime:2.9.1] AndroidManifest.xml:75:25-87
207            </intent-filter>
208        </receiver>
209        <receiver
209-->[androidx.work:work-runtime:2.9.1] AndroidManifest.xml:78:9-88:20
210            android:name="androidx.work.impl.background.systemalarm.ConstraintProxy$BatteryNotLowProxy"
210-->[androidx.work:work-runtime:2.9.1] AndroidManifest.xml:79:13-104
211            android:directBootAware="false"
211-->[androidx.work:work-runtime:2.9.1] AndroidManifest.xml:80:13-44
212            android:enabled="false"
212-->[androidx.work:work-runtime:2.9.1] AndroidManifest.xml:81:13-36
213            android:exported="false" >
213-->[androidx.work:work-runtime:2.9.1] AndroidManifest.xml:82:13-37
214            <intent-filter>
214-->[androidx.work:work-runtime:2.9.1] AndroidManifest.xml:84:13-87:29
215                <action android:name="android.intent.action.BATTERY_OKAY" />
215-->[androidx.work:work-runtime:2.9.1] AndroidManifest.xml:85:17-77
215-->[androidx.work:work-runtime:2.9.1] AndroidManifest.xml:85:25-74
216                <action android:name="android.intent.action.BATTERY_LOW" />
216-->[androidx.work:work-runtime:2.9.1] AndroidManifest.xml:86:17-76
216-->[androidx.work:work-runtime:2.9.1] AndroidManifest.xml:86:25-73
217            </intent-filter>
218        </receiver>
219        <receiver
219-->[androidx.work:work-runtime:2.9.1] AndroidManifest.xml:89:9-99:20
220            android:name="androidx.work.impl.background.systemalarm.ConstraintProxy$StorageNotLowProxy"
220-->[androidx.work:work-runtime:2.9.1] AndroidManifest.xml:90:13-104
221            android:directBootAware="false"
221-->[androidx.work:work-runtime:2.9.1] AndroidManifest.xml:91:13-44
222            android:enabled="false"
222-->[androidx.work:work-runtime:2.9.1] AndroidManifest.xml:92:13-36
223            android:exported="false" >
223-->[androidx.work:work-runtime:2.9.1] AndroidManifest.xml:93:13-37
224            <intent-filter>
224-->[androidx.work:work-runtime:2.9.1] AndroidManifest.xml:95:13-98:29
225                <action android:name="android.intent.action.DEVICE_STORAGE_LOW" />
225-->[androidx.work:work-runtime:2.9.1] AndroidManifest.xml:96:17-83
225-->[androidx.work:work-runtime:2.9.1] AndroidManifest.xml:96:25-80
226                <action android:name="android.intent.action.DEVICE_STORAGE_OK" />
226-->[androidx.work:work-runtime:2.9.1] AndroidManifest.xml:97:17-82
226-->[androidx.work:work-runtime:2.9.1] AndroidManifest.xml:97:25-79
227            </intent-filter>
228        </receiver>
229        <receiver
229-->[androidx.work:work-runtime:2.9.1] AndroidManifest.xml:100:9-109:20
230            android:name="androidx.work.impl.background.systemalarm.ConstraintProxy$NetworkStateProxy"
230-->[androidx.work:work-runtime:2.9.1] AndroidManifest.xml:101:13-103
231            android:directBootAware="false"
231-->[androidx.work:work-runtime:2.9.1] AndroidManifest.xml:102:13-44
232            android:enabled="false"
232-->[androidx.work:work-runtime:2.9.1] AndroidManifest.xml:103:13-36
233            android:exported="false" >
233-->[androidx.work:work-runtime:2.9.1] AndroidManifest.xml:104:13-37
234            <intent-filter>
234-->[androidx.work:work-runtime:2.9.1] AndroidManifest.xml:106:13-108:29
235                <action android:name="android.net.conn.CONNECTIVITY_CHANGE" />
235-->[androidx.work:work-runtime:2.9.1] AndroidManifest.xml:107:17-79
235-->[androidx.work:work-runtime:2.9.1] AndroidManifest.xml:107:25-76
236            </intent-filter>
237        </receiver>
238        <receiver
238-->[androidx.work:work-runtime:2.9.1] AndroidManifest.xml:110:9-121:20
239            android:name="androidx.work.impl.background.systemalarm.RescheduleReceiver"
239-->[androidx.work:work-runtime:2.9.1] AndroidManifest.xml:111:13-88
240            android:directBootAware="false"
240-->[androidx.work:work-runtime:2.9.1] AndroidManifest.xml:112:13-44
241            android:enabled="false"
241-->[androidx.work:work-runtime:2.9.1] AndroidManifest.xml:113:13-36
242            android:exported="false" >
242-->[androidx.work:work-runtime:2.9.1] AndroidManifest.xml:114:13-37
243            <intent-filter>
243-->[androidx.work:work-runtime:2.9.1] AndroidManifest.xml:116:13-120:29
244                <action android:name="android.intent.action.BOOT_COMPLETED" />
244-->[androidx.work:work-runtime:2.9.1] AndroidManifest.xml:117:17-79
244-->[androidx.work:work-runtime:2.9.1] AndroidManifest.xml:117:25-76
245                <action android:name="android.intent.action.TIME_SET" />
245-->[androidx.work:work-runtime:2.9.1] AndroidManifest.xml:118:17-73
245-->[androidx.work:work-runtime:2.9.1] AndroidManifest.xml:118:25-70
246                <action android:name="android.intent.action.TIMEZONE_CHANGED" />
246-->[androidx.work:work-runtime:2.9.1] AndroidManifest.xml:119:17-81
246-->[androidx.work:work-runtime:2.9.1] AndroidManifest.xml:119:25-78
247            </intent-filter>
248        </receiver>
249        <receiver
249-->[androidx.work:work-runtime:2.9.1] AndroidManifest.xml:122:9-131:20
250            android:name="androidx.work.impl.background.systemalarm.ConstraintProxyUpdateReceiver"
250-->[androidx.work:work-runtime:2.9.1] AndroidManifest.xml:123:13-99
251            android:directBootAware="false"
251-->[androidx.work:work-runtime:2.9.1] AndroidManifest.xml:124:13-44
252            android:enabled="@bool/enable_system_alarm_service_default"
252-->[androidx.work:work-runtime:2.9.1] AndroidManifest.xml:125:13-72
253            android:exported="false" >
253-->[androidx.work:work-runtime:2.9.1] AndroidManifest.xml:126:13-37
254            <intent-filter>
254-->[androidx.work:work-runtime:2.9.1] AndroidManifest.xml:128:13-130:29
255                <action android:name="androidx.work.impl.background.systemalarm.UpdateProxies" />
255-->[androidx.work:work-runtime:2.9.1] AndroidManifest.xml:129:17-98
255-->[androidx.work:work-runtime:2.9.1] AndroidManifest.xml:129:25-95
256            </intent-filter>
257        </receiver>
258        <receiver
258-->[androidx.work:work-runtime:2.9.1] AndroidManifest.xml:132:9-142:20
259            android:name="androidx.work.impl.diagnostics.DiagnosticsReceiver"
259-->[androidx.work:work-runtime:2.9.1] AndroidManifest.xml:133:13-78
260            android:directBootAware="false"
260-->[androidx.work:work-runtime:2.9.1] AndroidManifest.xml:134:13-44
261            android:enabled="true"
261-->[androidx.work:work-runtime:2.9.1] AndroidManifest.xml:135:13-35
262            android:exported="true"
262-->[androidx.work:work-runtime:2.9.1] AndroidManifest.xml:136:13-36
263            android:permission="android.permission.DUMP" >
263-->[androidx.work:work-runtime:2.9.1] AndroidManifest.xml:137:13-57
264            <intent-filter>
264-->[androidx.work:work-runtime:2.9.1] AndroidManifest.xml:139:13-141:29
265                <action android:name="androidx.work.diagnostics.REQUEST_DIAGNOSTICS" />
265-->[androidx.work:work-runtime:2.9.1] AndroidManifest.xml:140:17-88
265-->[androidx.work:work-runtime:2.9.1] AndroidManifest.xml:140:25-85
266            </intent-filter>
267        </receiver>
268        <receiver
268-->[com.google.firebase:firebase-messaging:24.0.3] AndroidManifest.xml:29:9-40:20
269            android:name="com.google.firebase.iid.FirebaseInstanceIdReceiver"
269-->[com.google.firebase:firebase-messaging:24.0.3] AndroidManifest.xml:30:13-78
270            android:exported="true"
270-->[com.google.firebase:firebase-messaging:24.0.3] AndroidManifest.xml:31:13-36
271            android:permission="com.google.android.c2dm.permission.SEND" >
271-->[com.google.firebase:firebase-messaging:24.0.3] AndroidManifest.xml:32:13-73
272            <intent-filter>
272-->[com.google.firebase:firebase-messaging:24.0.3] AndroidManifest.xml:33:13-35:29
273                <action android:name="com.google.android.c2dm.intent.RECEIVE" />
273-->[com.google.firebase:firebase-messaging:24.0.3] AndroidManifest.xml:34:17-81
273-->[com.google.firebase:firebase-messaging:24.0.3] AndroidManifest.xml:34:25-78
274            </intent-filter>
275
276            <meta-data
276-->[com.google.firebase:firebase-messaging:24.0.3] AndroidManifest.xml:37:13-39:40
277                android:name="com.google.android.gms.cloudmessaging.FINISHED_AFTER_HANDLED"
277-->[com.google.firebase:firebase-messaging:24.0.3] AndroidManifest.xml:38:17-92
278                android:value="true" />
278-->[com.google.firebase:firebase-messaging:24.0.3] AndroidManifest.xml:39:17-37
279        </receiver>
280        <!--
281             FirebaseMessagingService performs security checks at runtime,
282             but set to not exported to explicitly avoid allowing another app to call it.
283        -->
284        <service
284-->[com.google.firebase:firebase-messaging:24.0.3] AndroidManifest.xml:46:9-53:19
285            android:name="com.google.firebase.messaging.FirebaseMessagingService"
285-->[com.google.firebase:firebase-messaging:24.0.3] AndroidManifest.xml:47:13-82
286            android:directBootAware="true"
286-->[com.google.firebase:firebase-messaging:24.0.3] AndroidManifest.xml:48:13-43
287            android:exported="false" >
287-->[com.google.firebase:firebase-messaging:24.0.3] AndroidManifest.xml:49:13-37
288            <intent-filter android:priority="-500" >
288-->src\main\AndroidManifest.xml:26:13-28:29
289                <action android:name="com.google.firebase.MESSAGING_EVENT" />
289-->src\main\AndroidManifest.xml:27:17-77
289-->src\main\AndroidManifest.xml:27:25-75
290            </intent-filter>
291        </service>
292        <service
292-->[com.google.firebase:firebase-messaging:24.0.3] AndroidManifest.xml:54:9-63:19
293            android:name="com.google.firebase.components.ComponentDiscoveryService"